0 info it worked if it ends with ok
1 verbose cli [ 'C:\\Program Files\\nodejs\\\\node.exe',
1 verbose cli   'C:\\Program Files\\nodejs\\node_modules\\npm\\bin\\npm-cli.js',
1 verbose cli   'install',
1 verbose cli   'https://github.com/swathicgowda/Sample.git' ]
2 info using npm@1.4.28
3 info using node@v0.10.32
4 verbose node symlink C:\Program Files\nodejs\\node.exe
5 verbose cache add [ 'https://github.com/swathicgowda/Sample.git', null ]
6 verbose cache add name=undefined spec="https://github.com/swathicgowda/Sample.git" args=["https://github.com/swathicgowda/Sample.git",null]
7 verbose parsed url { protocol: 'https:',
7 verbose parsed url   slashes: true,
7 verbose parsed url   auth: null,
7 verbose parsed url   host: 'github.com',
7 verbose parsed url   port: null,
7 verbose parsed url   hostname: 'github.com',
7 verbose parsed url   hash: null,
7 verbose parsed url   search: null,
7 verbose parsed url   query: null,
7 verbose parsed url   pathname: '/swathicgowda/Sample.git',
7 verbose parsed url   path: '/swathicgowda/Sample.git',
7 verbose parsed url   href: 'https://github.com/swathicgowda/Sample.git' }
8 silly lockFile e8b21b29-thub-com-swathicgowda-Sample-git https://github.com/swathicgowda/Sample.git
9 verbose lock https://github.com/swathicgowda/Sample.git C:\Users\test 1\AppData\Roaming\npm-cache\e8b21b29-thub-com-swathicgowda-Sample-git.lock
10 verbose addRemoteTarball [ 'https://github.com/swathicgowda/Sample.git', null ]
11 info retry fetch attempt 1 at 17:25:36
12 verbose fetch to= C:\Users\test 1\AppData\Local\Temp\npm-2372-P4Lvh1VV\github.com\swathicgowda\Sample.git
13 http GET https://github.com/swathicgowda/Sample.git
14 http 200 https://github.com/swathicgowda/Sample.git
15 verbose tar unpack C:\Users\test 1\AppData\Local\Temp\npm-2372-P4Lvh1VV\github.com\swathicgowda\Sample.git
16 silly lockFile 403608a2-m-swathicgowda-Sample-git-unpack tar://C:\Users\test 1\AppData\Local\Temp\npm-2372-P4Lvh1VV\github.com\swathicgowda\Sample.git-unpack
17 verbose lock tar://C:\Users\test 1\AppData\Local\Temp\npm-2372-P4Lvh1VV\github.com\swathicgowda\Sample.git-unpack C:\Users\test 1\AppData\Roaming\npm-cache\403608a2-m-swathicgowda-Sample-git-unpack.lock
18 silly lockFile c74a8c56-thub-com-swathicgowda-Sample-git tar://C:\Users\test 1\AppData\Local\Temp\npm-2372-P4Lvh1VV\github.com\swathicgowda\Sample.git
19 verbose lock tar://C:\Users\test 1\AppData\Local\Temp\npm-2372-P4Lvh1VV\github.com\swathicgowda\Sample.git C:\Users\test 1\AppData\Roaming\npm-cache\c74a8c56-thub-com-swathicgowda-Sample-git.lock
20 silly gunzTarPerm modes [ '777', '666' ]
21 error not a package C:\Users\test 1\AppData\Local\Temp\npm-2372-P4Lvh1VV\github.com\swathicgowda\Sample.git
22 silly lockFile 403608a2-m-swathicgowda-Sample-git-unpack tar://C:\Users\test 1\AppData\Local\Temp\npm-2372-P4Lvh1VV\github.com\swathicgowda\Sample.git-unpack
23 silly lockFile 403608a2-m-swathicgowda-Sample-git-unpack tar://C:\Users\test 1\AppData\Local\Temp\npm-2372-P4Lvh1VV\github.com\swathicgowda\Sample.git-unpack
24 silly lockFile c74a8c56-thub-com-swathicgowda-Sample-git tar://C:\Users\test 1\AppData\Local\Temp\npm-2372-P4Lvh1VV\github.com\swathicgowda\Sample.git
25 silly lockFile c74a8c56-thub-com-swathicgowda-Sample-git tar://C:\Users\test 1\AppData\Local\Temp\npm-2372-P4Lvh1VV\github.com\swathicgowda\Sample.git
26 silly lockFile e8b21b29-thub-com-swathicgowda-Sample-git https://github.com/swathicgowda/Sample.git
27 silly lockFile e8b21b29-thub-com-swathicgowda-Sample-git https://github.com/swathicgowda/Sample.git
28 error Error: ENOENT, open 'C:\Users\test 1\AppData\Local\Temp\npm-2372-P4Lvh1VV\github.com\swathicgowda\Sample.git-unpack\package.json'
29 error If you need help, you may report this *entire* log,
29 error including the npm and node versions, at:
29 error     <http://github.com/npm/npm/issues>
30 error System Windows_NT 6.1.7600
31 error command "C:\\Program Files\\nodejs\\\\node.exe" "C:\\Program Files\\nodejs\\node_modules\\npm\\bin\\npm-cli.js" "install" "https://github.com/swathicgowda/Sample.git"
32 error cwd D:\demo\Sample
33 error node -v v0.10.32
34 error npm -v 1.4.28
35 error path C:\Users\test 1\AppData\Local\Temp\npm-2372-P4Lvh1VV\github.com\swathicgowda\Sample.git-unpack\package.json
36 error code ENOENT
37 error errno 34
38 verbose exit [ 34, true ]
